This is pdfTeX, Version 3.1415926-2.5-1.40.14 (TeX Live 2013) (format=pdflatex 2013.7.7)  19 JUL 2013 17:13
entering extended mode
 restricted \write18 enabled.
 %&-line parsing enabled.
**Bewerbung.tex
(./Bewerbung.tex
LaTeX2e <2011/06/27>
Babel <3.9f> and hyphenation patterns for 54 languages loaded.
(/usr/local/texlive/2013/texmf-dist/tex/latex/koma-script/scrartcl.cls
Document Class: scrartcl 2012/07/29 v3.11b KOMA-Script document class (article)

(/usr/local/texlive/2013/texmf-dist/tex/latex/koma-script/scrkbase.sty
Package: scrkbase 2012/07/29 v3.11b KOMA-Script package (KOMA-Script-dependent 
basics and keyval usage)

(/usr/local/texlive/2013/texmf-dist/tex/latex/koma-script/scrbase.sty
Package: scrbase 2012/07/29 v3.11b KOMA-Script package (KOMA-Script-independent
 basics and keyval usage)

(/usr/local/texlive/2013/texmf-dist/tex/latex/graphics/keyval.sty
Package: keyval 1999/03/16 v1.13 key=value parser (DPC)
\KV@toks@=\toks14
)
(/usr/local/texlive/2013/texmf-dist/tex/latex/koma-script/scrlfile.sty
Package: scrlfile 2012/06/15 v3.12 KOMA-Script package (loading files)

Package scrlfile, 2012/06/15 v3.12 KOMA-Script package (loading files)
                  Copyright (C) Markus Kohm

))) (/usr/local/texlive/2013/texmf-dist/tex/latex/koma-script/tocbasic.sty
Package: tocbasic 2012/04/04 v3.10b KOMA-Script package (handling toc-files)
)
Package tocbasic Info: omitting babel extension for `toc'
(tocbasic)             because of feature `nobabel' available
(tocbasic)             for `toc' on input line 115.
Package tocbasic Info: omitting babel extension for `lof'
(tocbasic)             because of feature `nobabel' available
(tocbasic)             for `lof' on input line 116.
Package tocbasic Info: omitting babel extension for `lot'
(tocbasic)             because of feature `nobabel' available
(tocbasic)             for `lot' on input line 117.
Class scrartcl Info: File `scrsize11pt.clo' used instead of
(scrartcl)           file `scrsize11.clo' to setup font sizes on input line 126
7.

(/usr/local/texlive/2013/texmf-dist/tex/latex/koma-script/scrsize11pt.clo
File: scrsize11pt.clo 2012/07/29 v3.11b KOMA-Script font size class option (11p
t)
)
(/usr/local/texlive/2013/texmf-dist/tex/latex/koma-script/typearea.sty
Package: typearea 2012/07/29 v3.11b KOMA-Script package (type area)

Package typearea, 2012/07/29 v3.11b KOMA-Script package (type area)
                  Copyright (C) Frank Neukam, 1992-1994
                  Copyright (C) Markus Kohm, 1994-

\ta@bcor=\skip41
\ta@div=\count79
\ta@hblk=\skip42
\ta@vblk=\skip43
\ta@temp=\skip44
Package typearea Info: These are the values describing the layout:
(typearea)             DIV  = 10
(typearea)             BCOR = 0.0pt
(typearea)             \paperwidth      = 597.50793pt
(typearea)              \textwidth      = 418.25555pt
(typearea)              DIV departure   = -6%
(typearea)              \evensidemargin = 17.3562pt
(typearea)              \oddsidemargin  = 17.3562pt
(typearea)             \paperheight     = 845.04694pt
(typearea)              \textheight     = 595.80026pt
(typearea)              \topmargin      = -25.16531pt
(typearea)              \headheight     = 17.0pt
(typearea)              \headsep        = 20.40001pt
(typearea)              \topskip        = 11.0pt
(typearea)              \footskip       = 47.60002pt
(typearea)              \baselineskip   = 13.6pt
(typearea)              on input line 1213.
)
\c@part=\count80
\c@section=\count81
\c@subsection=\count82
\c@subsubsection=\count83
\c@paragraph=\count84
\c@subparagraph=\count85
\abovecaptionskip=\skip45
\belowcaptionskip=\skip46
\c@pti@nb@sid@b@x=\box26
\c@figure=\count86
\c@table=\count87
\bibindent=\dimen102
) (/usr/local/texlive/2013/texmf-dist/tex/latex/pdfpages/pdfpages.sty
Package: pdfpages 2013/05/30 v0.4u Insert pages of external PDF documents (AM)

(/usr/local/texlive/2013/texmf-dist/tex/latex/base/ifthen.sty
Package: ifthen 2001/05/26 v1.1c Standard LaTeX ifthen package (DPC)
)
(/usr/local/texlive/2013/texmf-dist/tex/latex/tools/calc.sty
Package: calc 2007/08/22 v4.3 Infix arithmetic (KKT,FJ)
\calc@Acount=\count88
\calc@Bcount=\count89
\calc@Adimen=\dimen103
\calc@Bdimen=\dimen104
\calc@Askip=\skip47
\calc@Bskip=\skip48
LaTeX Info: Redefining \setlength on input line 76.
LaTeX Info: Redefining \addtolength on input line 77.
\calc@Ccount=\count90
\calc@Cskip=\skip49
)
(/usr/local/texlive/2013/texmf-dist/tex/latex/eso-pic/eso-pic.sty
Package: eso-pic 2010/10/06 v2.0c eso-pic (RN)

(/usr/local/texlive/2013/texmf-dist/tex/generic/oberdiek/atbegshi.sty
Package: atbegshi 2011/10/05 v1.16 At begin shipout hook (HO)

(/usr/local/texlive/2013/texmf-dist/tex/generic/oberdiek/infwarerr.sty
Package: infwarerr 2010/04/08 v1.3 Providing info/warning/error messages (HO)
)
(/usr/local/texlive/2013/texmf-dist/tex/generic/oberdiek/ltxcmds.sty
Package: ltxcmds 2011/11/09 v1.22 LaTeX kernel commands for general use (HO)
)
(/usr/local/texlive/2013/texmf-dist/tex/generic/oberdiek/ifpdf.sty
Package: ifpdf 2011/01/30 v2.3 Provides the ifpdf switch (HO)
Package ifpdf Info: pdfTeX in PDF mode is detected.
))
(/usr/local/texlive/2013/texmf-dist/tex/latex/xcolor/xcolor.sty
Package: xcolor 2007/01/21 v2.11 LaTeX color extensions (UK)

(/usr/local/texlive/2013/texmf-dist/tex/latex/latexconfig/color.cfg
File: color.cfg 2007/01/18 v1.5 color configuration of teTeX/TeXLive
)
Package xcolor Info: Driver file: pdftex.def on input line 225.

(/usr/local/texlive/2013/texmf-dist/tex/latex/pdftex-def/pdftex.def
File: pdftex.def 2011/05/27 v0.06d Graphics/color for pdfTeX
\Gread@gobject=\count91
)
Package xcolor Info: Model `cmy' substituted by `cmy0' on input line 1337.
Package xcolor Info: Model `hsb' substituted by `rgb' on input line 1341.
Package xcolor Info: Model `RGB' extended on input line 1353.
Package xcolor Info: Model `HTML' substituted by `rgb' on input line 1355.
Package xcolor Info: Model `Hsb' substituted by `hsb' on input line 1356.
Package xcolor Info: Model `tHsb' substituted by `hsb' on input line 1357.
Package xcolor Info: Model `HSB' substituted by `hsb' on input line 1358.
Package xcolor Info: Model `Gray' substituted by `gray' on input line 1359.
Package xcolor Info: Model `wave' substituted by `hsb' on input line 1360.
))
(/usr/local/texlive/2013/texmf-dist/tex/latex/graphics/graphicx.sty
Package: graphicx 1999/02/16 v1.0f Enhanced LaTeX Graphics (DPC,SPQR)

(/usr/local/texlive/2013/texmf-dist/tex/latex/graphics/graphics.sty
Package: graphics 2009/02/05 v1.0o Standard LaTeX Graphics (DPC,SPQR)

(/usr/local/texlive/2013/texmf-dist/tex/latex/graphics/trig.sty
Package: trig 1999/03/16 v1.09 sin cos tan (DPC)
)
(/usr/local/texlive/2013/texmf-dist/tex/latex/latexconfig/graphics.cfg
File: graphics.cfg 2010/04/23 v1.9 graphics configuration of TeX Live
)
Package graphics Info: Driver file: pdftex.def on input line 91.
)
\Gin@req@height=\dimen105
\Gin@req@width=\dimen106
)
(/usr/local/texlive/2013/texmf-dist/tex/latex/pdfpages/pppdftex.def
File: pppdftex.def 2013/05/30 v0.4u Pdfpages driver for pdfTeX (AM)
)
\AM@pagebox=\box27
\AM@toc@title=\toks15
\c@AM@survey=\count92
\AM@templatesizebox=\box28
)
No file Bewerbung.aux.
\openout1 = `Bewerbung.aux'.

LaTeX Font Info:    Checking defaults for OML/cmm/m/it on input line 4.
LaTeX Font Info:    ... okay on input line 4.
LaTeX Font Info:    Checking defaults for T1/cmr/m/n on input line 4.
LaTeX Font Info:    ... okay on input line 4.
LaTeX Font Info:    Checking defaults for OT1/cmr/m/n on input line 4.
LaTeX Font Info:    ... okay on input line 4.
LaTeX Font Info:    Checking defaults for OMS/cmsy/m/n on input line 4.
LaTeX Font Info:    ... okay on input line 4.
LaTeX Font Info:    Checking defaults for OMX/cmex/m/n on input line 4.
LaTeX Font Info:    ... okay on input line 4.
LaTeX Font Info:    Checking defaults for U/cmr/m/n on input line 4.
LaTeX Font Info:    ... okay on input line 4.
\AtBeginShipoutBox=\box29
(/usr/local/texlive/2013/texmf-dist/tex/context/base/supp-pdf.mkii
[Loading MPS to PDF converter (version 2006.09.02).]
\scratchcounter=\count93
\scratchdimen=\dimen107
\scratchbox=\box30
\nofMPsegments=\count94
\nofMParguments=\count95
\everyMPshowfont=\toks16
\MPscratchCnt=\count96
\MPscratchDim=\dimen108
\MPnumerator=\count97
\makeMPintoPDFobject=\count98
\everyMPtoPDFconversion=\toks17
) (/usr/local/texlive/2013/texmf-dist/tex/generic/oberdiek/pdftexcmds.sty
Package: pdftexcmds 2011/11/29 v0.20 Utility functions of pdfTeX for LuaTeX (HO
)

(/usr/local/texlive/2013/texmf-dist/tex/generic/oberdiek/ifluatex.sty
Package: ifluatex 2010/03/01 v1.3 Provides the ifluatex switch (HO)
Package ifluatex Info: LuaTeX not detected.
)
Package pdftexcmds Info: LuaTeX not detected.
Package pdftexcmds Info: \pdf@primitive is available.
Package pdftexcmds Info: \pdf@ifprimitive is available.
Package pdftexcmds Info: \pdfdraftmode found.
)
(/usr/local/texlive/2013/texmf-dist/tex/latex/oberdiek/epstopdf-base.sty
Package: epstopdf-base 2010/02/09 v2.5 Base part for package epstopdf

(/usr/local/texlive/2013/texmf-dist/tex/latex/oberdiek/grfext.sty
Package: grfext 2010/08/19 v1.1 Manage graphics extensions (HO)

(/usr/local/texlive/2013/texmf-dist/tex/generic/oberdiek/kvdefinekeys.sty
Package: kvdefinekeys 2011/04/07 v1.3 Define keys (HO)
))
(/usr/local/texlive/2013/texmf-dist/tex/latex/oberdiek/kvoptions.sty
Package: kvoptions 2011/06/30 v3.11 Key value format for package options (HO)

(/usr/local/texlive/2013/texmf-dist/tex/generic/oberdiek/kvsetkeys.sty
Package: kvsetkeys 2012/04/25 v1.16 Key value parser (HO)

(/usr/local/texlive/2013/texmf-dist/tex/generic/oberdiek/etexcmds.sty
Package: etexcmds 2011/02/16 v1.5 Avoid name clashes with e-TeX commands (HO)
Package etexcmds Info: Could not find \expanded.
(etexcmds)             That can mean that you are not using pdfTeX 1.50 or
(etexcmds)             that some package has redefined \expanded.
(etexcmds)             In the latter case, load this package earlier.
)))
Package grfext Info: Graphics extension search list:
(grfext)             [.png,.pdf,.jpg,.mps,.jpeg,.jbig2,.jb2,.PNG,.PDF,.JPG,.JPE
G,.JBIG2,.JB2,.eps]
(grfext)             \AppendGraphicsExtensions on input line 452.

(/usr/local/texlive/2013/texmf-dist/tex/latex/latexconfig/epstopdf-sys.cfg
File: epstopdf-sys.cfg 2010/07/13 v1.3 Configuration of (r)epstopdf for TeX Liv
e
))
<bewerbung.pdf, id=1, 597.50829pt x 845.0471pt>
File: bewerbung.pdf Graphic file (type pdf)
 <use bewerbung.pdf>
Package pdftex.def Info: bewerbung.pdf used on input line 5.
(pdftex.def)             Requested size: 597.50682pt x 845.04504pt.
File: bewerbung.pdf Graphic file (type pdf)

<use bewerbung.pdf>
Package pdftex.def Info: bewerbung.pdf used on input line 5.
(pdftex.def)             Requested size: 597.50682pt x 845.04504pt.
 <bewerbung.pdf, id=2, page=1, 597.50829pt x 845.0471pt>
File: bewerbung.pdf Graphic file (type pdf)

<use bewerbung.pdf, page 1>
Package pdftex.def Info: bewerbung.pdf, page1 used on input line 5.
(pdftex.def)             Requested size: 597.50682pt x 845.04504pt.
File: bewerbung.pdf Graphic file (type pdf)
 <use bewerbung.pdf, page 1>
Package pdftex.def Info: bewerbung.pdf, page1 used on input line 5.
(pdftex.def)             Requested size: 597.53416pt x 845.08372pt.
File: bewerbung.pdf Graphic file (type pdf)

<use bewerbung.pdf, page 1>
Package pdftex.def Info: bewerbung.pdf, page1 used on input line 5.
(pdftex.def)             Requested size: 597.53416pt x 845.08372pt.
File: bewerbung.pdf Graphic file (type pdf)
 <use bewerbung.pdf, page 1>
Package pdftex.def Info: bewerbung.pdf, page1 used on input line 5.
(pdftex.def)             Requested size: 597.53416pt x 845.08372pt.
File: bewerbung.pdf Graphic file (type pdf)

<use bewerbung.pdf, page 1>
Package pdftex.def Info: bewerbung.pdf, page1 used on input line 5.
(pdftex.def)             Requested size: 597.53416pt x 845.08372pt.
 [1

 <./bewerbung.pdf{/usr/local/texlive/2013/texmf-var/fonts/map/pdftex/updmap/pdf
tex.map}>]
<Lebenslauf.pdf, id=29, 597.50829pt x 845.0471pt>
File: Lebenslauf.pdf Graphic file (type pdf)
 <use Lebenslauf.pdf>
Package pdftex.def Info: Lebenslauf.pdf used on input line 6.
(pdftex.def)             Requested size: 597.50682pt x 845.04504pt.
File: Lebenslauf.pdf Graphic file (type pdf)

<use Lebenslauf.pdf>
Package pdftex.def Info: Lebenslauf.pdf used on input line 6.
(pdftex.def)             Requested size: 597.50682pt x 845.04504pt.
 <Lebenslauf.pdf, id=30, page=1, 597.50829pt x 845.0471pt>
File: Lebenslauf.pdf Graphic file (type pdf)

<use Lebenslauf.pdf, page 1>
Package pdftex.def Info: Lebenslauf.pdf, page1 used on input line 6.
(pdftex.def)             Requested size: 597.50682pt x 845.04504pt.
File: Lebenslauf.pdf Graphic file (type pdf)
 <use Lebenslauf.pdf, page 1>
Package pdftex.def Info: Lebenslauf.pdf, page1 used on input line 6.
(pdftex.def)             Requested size: 597.53416pt x 845.08372pt.
File: Lebenslauf.pdf Graphic file (type pdf)

<use Lebenslauf.pdf, page 1>
Package pdftex.def Info: Lebenslauf.pdf, page1 used on input line 6.
(pdftex.def)             Requested size: 597.53416pt x 845.08372pt.
File: Lebenslauf.pdf Graphic file (type pdf)
 <use Lebenslauf.pdf, page 1>
Package pdftex.def Info: Lebenslauf.pdf, page1 used on input line 6.
(pdftex.def)             Requested size: 597.53416pt x 845.08372pt.
File: Lebenslauf.pdf Graphic file (type pdf)

<use Lebenslauf.pdf, page 1>
Package pdftex.def Info: Lebenslauf.pdf, page1 used on input line 6.
(pdftex.def)             Requested size: 597.53416pt x 845.08372pt.
 [2 <./Lebenslauf.pdf>] (./Bewerbung.aux) ) 
Here is how much of TeX's memory you used:
 3798 strings out of 493872
 57641 string characters out of 6153520
 143835 words of memory out of 5000000
 7193 multiletter control sequences out of 15000+600000
 3940 words of font info for 15 fonts, out of 8000000 for 9000
 621 hyphenation exceptions out of 8191
 47i,18n,51p,244b,408s stack positions out of 5000i,500n,10000p,200000b,80000s
</usr/local/texlive/2013/texmf-dist/
fonts/type1/public/libertine/LinLibertineTI.pfb></usr/local/texlive/2013/texmf-
dist/fonts/type1/bitstrea/charter/bchb8a.pfb></usr/local/texlive/2013/texmf-dis
t/fonts/type1/bitstrea/charter/bchr8a.pfb></usr/local/texlive/2013/texmf-dist/f
onts/type1/bitstrea/charter/bchri8a.pfb></usr/local/texlive/2013/texmf-dist/fon
ts/type1/public/lm/lmb10.pfb></usr/local/texlive/2013/texmf-dist/fonts/type1/pu
blic/lm/lmr10.pfb></usr/local/texlive/2013/texmf-dist/fonts/type1/public/lm/lmr
12.pfb></usr/local/texlive/2013/texmf-dist/fonts/type1/public/lm/lmr17.pfb></us
r/local/texlive/2013/texmf-dist/fonts/type1/public/lm/lmro12.pfb></usr/local/te
xlive/2013/texmf-dist/fonts/type1/public/marvosym/marvosym.pfb>
Output written on Bewerbung.pdf (2 pages, 235971 bytes).
PDF statistics:
 80 PDF objects out of 1000 (max. 8388607)
 61 compressed objects within 1 object stream
 0 named destinations out of 1000 (max. 500000)
 21 words of extra memory for PDF output out of 10000 (max. 10000000)

